# JRE version: OpenJDK Runtime Environment (11.0.15) (build 11.0.15+0-b2043.56-9505619)
# Java VM: OpenJDK 64-Bit Server VM (11.0.15+0-b2043.56-9505619, mixed mode, tiered, compressed oops, g1 gc, windows-amd64)
Heap:
 garbage-first heap   total 296960K, used 152389K [0x0000000080000000, 0x0000000100000000)
  region size 1024K, 56 young (57344K), 8 survivors (8192K)
 Metaspace       used 95178K, capacity 97505K, committed 97756K, reserved 1134592K
  class space    used 12049K, capacity 12905K, committed 13004K, reserved 1048576K
GC Heap History (20 events):
Event: 25.704 GC heap before
{Heap before GC invocations=31 (full 0):
 garbage-first heap   total 147456K, used 113901K [0x0000000080000000, 0x0000000100000000)
  region size 1024K, 23 young (23552K), 6 survivors (6144K)
 Metaspace       used 86027K, capacity 88233K, committed 88540K, reserved 1126400K
  class space    used 11098K, capacity 11911K, committed 11980K, reserved 1048576K
}
Event: 25.716 GC heap after
{Heap after GC invocations=32 (full 0):
 garbage-first heap   total 147456K, used 107248K [0x0000000080000000, 0x0000000100000000)
  region size 1024K, 4 young (4096K), 4 survivors (4096K)
 Metaspace       used 86027K, capacity 88233K, committed 88540K, reserved 1126400K
  class space    used 11098K, capacity 11911K, committed 11980K, reserved 1048576K
}
Event: 25.985 GC heap before
{Heap before GC invocations=33 (full 0):
 garbage-first heap   total 147456K, used 136944K [0x0000000080000000, 0x0000000100000000)
  region size 1024K, 17 young (17408K), 4 survivors (4096K)
 Metaspace       used 87247K, capacity 89339K, committed 89692K, reserved 1126400K
  class space    used 11171K, capacity 11965K, committed 12108K, reserved 1048576K
}
Event: 25.994 GC heap after
{Heap after GC invocations=34 (full 0):
 garbage-first heap   total 177152K, used 109331K [0x0000000080000000, 0x0000000100000000)
  region size 1024K, 2 young (2048K), 2 survivors (2048K)
 Metaspace       used 87247K, capacity 89339K, committed 89692K, reserved 1126400K
  class space    used 11171K, capacity 11965K, committed 12108K, reserved 1048576K
}
Event: 26.247 GC heap before
{Heap before GC invocations=34 (full 0):
 garbage-first heap   total 177152K, used 130835K [0x0000000080000000, 0x0000000100000000)
  region size 1024K, 24 young (24576K), 2 survivors (2048K)
 Metaspace       used 88529K, capacity 90727K, committed 91100K, reserved 1128448K
  class space    used 11305K, capacity 12117K, committed 12236K, reserved 1048576K
}
Event: 26.253 GC heap after
{Heap after GC invocations=35 (full 0):
 garbage-first heap   total 177152K, used 110465K [0x0000000080000000, 0x0000000100000000)
  region size 1024K, 3 young (3072K), 3 survivors (3072K)
 Metaspace       used 88529K, capacity 90727K, committed 91100K, reserved 1128448K
  class space    used 11305K, capacity 12117K, committed 12236K, reserved 1048576K
}
Event: 26.537 GC heap before
{Heap before GC invocations=36 (full 0):
 garbage-first heap   total 177152K, used 132537K [0x0000000080000000, 0x0000000100000000)
  region size 1024K, 26 young (26624K), 3 survivors (3072K)
 Metaspace       used 88843K, capacity 91047K, committed 91484K, reserved 1128448K
  class space    used 11330K, capacity 12150K, committed 12364K, reserved 1048576K
}
Event: 26.553 GC heap after
{Heap after GC invocations=37 (full 0):
 garbage-first heap   total 177152K, used 111294K [0x0000000080000000, 0x0000000100000000)
  region size 1024K, 3 young (3072K), 3 survivors (3072K)
 Metaspace       used 88843K, capacity 91047K, committed 91484K, reserved 1128448K
  class space    used 11330K, capacity 12150K, committed 12364K, reserved 1048576K
}
Event: 26.625 GC heap before
{Heap before GC invocations=37 (full 0):
 garbage-first heap   total 177152K, used 115390K [0x0000000080000000, 0x0000000100000000)
  region size 1024K, 8 young (8192K), 3 survivors (3072K)
 Metaspace       used 88892K, capacity 91048K, committed 91484K, reserved 1128448K
  class space    used 11330K, capacity 12150K, committed 12364K, reserved 1048576K
}
Event: 26.632 GC heap after
{Heap after GC invocations=38 (full 0):
 garbage-first heap   total 177152K, used 98605K [0x0000000080000000, 0x0000000100000000)
  region size 1024K, 1 young (1024K), 1 survivors (1024K)
 Metaspace       used 88892K, capacity 91048K, committed 91484K, reserved 1128448K
  class space    used 11330K, capacity 12150K, committed 12364K, reserved 1048576K
}
Event: 26.927 GC heap before
{Heap before GC invocations=38 (full 0):
 garbage-first heap   total 177152K, used 129325K [0x0000000080000000, 0x0000000100000000)
  region size 1024K, 32 young (32768K), 1 survivors (1024K)
 Metaspace       used 89095K, capacity 91262K, committed 91740K, reserved 1128448K
  class space    used 11335K, capacity 12150K, committed 12364K, reserved 1048576K
}
Event: 26.939 GC heap after
{Heap after GC invocations=39 (full 0):
 garbage-first heap   total 218112K, used 100362K [0x0000000080000000, 0x0000000100000000)
  region size 1024K, 3 young (3072K), 3 survivors (3072K)
 Metaspace       used 89095K, capacity 91262K, committed 91740K, reserved 1128448K
  class space    used 11335K, capacity 12150K, committed 12364K, reserved 1048576K
}
Event: 27.418 GC heap before
{Heap before GC invocations=40 (full 0):
 garbage-first heap   total 218112K, used 143370K [0x0000000080000000, 0x0000000100000000)
  region size 1024K, 52 young (53248K), 3 survivors (3072K)
 Metaspace       used 89558K, capacity 91815K, committed 91996K, reserved 1128448K
  class space    used 11381K, capacity 12232K, committed 12364K, reserved 1048576K
}
Event: 27.427 GC heap after
{Heap after GC invocations=41 (full 0):
 garbage-first heap   total 218112K, used 97393K [0x0000000080000000, 0x0000000100000000)
  region size 1024K, 6 young (6144K), 6 survivors (6144K)
 Metaspace       used 89558K, capacity 91815K, committed 91996K, reserved 1128448K
  class space    used 11381K, capacity 12232K, committed 12364K, reserved 1048576K
}
Event: 27.451 GC heap before
{Heap before GC invocations=41 (full 0):
 garbage-first heap   total 218112K, used 100465K [0x0000000080000000, 0x0000000100000000)
  region size 1024K, 10 young (10240K), 6 survivors (6144K)
 Metaspace       used 89594K, capacity 91815K, committed 91996K, reserved 1128448K
  class space    used 11390K, capacity 12232K, committed 12364K, reserved 1048576K
}
Event: 27.465 GC heap after
{Heap after GC invocations=42 (full 0):
 garbage-first heap   total 218112K, used 97087K [0x0000000080000000, 0x0000000100000000)
  region size 1024K, 1 young (1024K), 1 survivors (1024K)
 Metaspace       used 89594K, capacity 91815K, committed 91996K, reserved 1128448K
  class space    used 11390K, capacity 12232K, committed 12364K, reserved 1048576K
}
Event: 27.824 GC heap before
{Heap before GC invocations=42 (full 0):
 garbage-first heap   total 218112K, used 152383K [0x0000000080000000, 0x0000000100000000)
  region size 1024K, 56 young (57344K), 1 survivors (1024K)
 Metaspace       used 90700K, capacity 93008K, committed 93148K, reserved 1130496K
  class space    used 11548K, capacity 12394K, committed 12492K, reserved 1048576K
}
Event: 27.839 GC heap after
{Heap after GC invocations=43 (full 0):
 garbage-first heap   total 218112K, used 98852K [0x0000000080000000, 0x0000000100000000)
  region size 1024K, 3 young (3072K), 3 survivors (3072K)
 Metaspace       used 90700K, capacity 93008K, committed 93148K, reserved 1130496K
  class space    used 11548K, capacity 12394K, committed 12492K, reserved 1048576K
}
Event: 32.680 GC heap before
{Heap before GC invocations=43 (full 0):
 garbage-first heap   total 218112K, used 157220K [0x0000000080000000, 0x0000000100000000)
  region size 1024K, 61 young (62464K), 3 survivors (3072K)
 Metaspace       used 93606K, capacity 95870K, committed 96092K, reserved 1132544K
  class space    used 11889K, capacity 12732K, committed 12876K, reserved 1048576K
}
Event: 32.689 GC heap after
{Heap after GC invocations=44 (full 0):
 garbage-first heap   total 296960K, used 105285K [0x0000000080000000, 0x0000000100000000)
  region size 1024K, 8 young (8192K), 8 survivors (8192K)
 Metaspace       used 93606K, capacity 95870K, committed 96092K, reserved 1132544K
  class space    used 11889K, capacity 12732K, committed 12876K, reserved 1048576K
}

